<?xml version="1.0" encoding="UTF-8"?>
<!-- Generated by org.testng.reporters.JUnitReportReporter -->
<testsuite hostname="LAPTOP-5SP2JFRQ" name="myJenkins.Selenium.TestClass" tests="1" failures="0" timestamp="30 Nov 2018 09:28:17 GMT" time="2.044" errors="0">
  <testcase name="enterData" time="2.044" classname="myJenkins.Selenium.TestClass"/>
</testsuite> <!-- myJenkins.Selenium.TestClass -->
